<?xml version="1.0" encoding="UTF-8"?>
<coverage generated="1682900001002" clover="3.2.0">
  <project timestamp="1682900001002" name="All files">
    <metrics statements="60" coveredstatements="46" conditionals="2" coveredconditionals="0" methods="24" coveredmethods="16" elements="86" coveredelements="62" complexity="0" loc="60" ncloc="60" packages="3" files="9" classes="9"/>
    <package name="src">
      <metrics statements="19" coveredstatements="12" conditionals="0" coveredconditionals="0" methods="9" coveredmethods="2"/>
      <file name="CounterApp.jsx" path="C:\Users\clml1\Desktop\React projects\counter-app\src\CounterApp.jsx">
        <metrics statements="14" coveredstatements="8" conditionals="0" coveredconditionals="0" methods="7" coveredmethods="1"/>
        <line num="4" count="1" type="stmt"/>
        <line num="5" count="2" type="stmt"/>
        <line num="6" count="2" type="stmt"/>
        <line num="8" count="2" type="stmt"/>
        <line num="10" count="0" type="stmt"/>
        <line num="12" count="0" type="stmt"/>
        <line num="15" count="2" type="stmt"/>
        <line num="17" count="0" type="stmt"/>
        <line num="19" count="0" type="stmt"/>
        <line num="23" count="2" type="stmt"/>
        <line num="25" count="0" type="stmt"/>
        <line num="27" count="0" type="stmt"/>
        <line num="34" count="2" type="stmt"/>
        <line num="50" count="1" type="stmt"/>
      </file>
      <file name="Helloworld.jsx" path="C:\Users\clml1\Desktop\React projects\counter-app\src\Helloworld.jsx">
        <metrics statements="5" coveredstatements="4" conditionals="0" coveredconditionals="0" methods="2" coveredmethods="1"/>
        <line num="4" count="1" type="stmt"/>
        <line num="5" count="2" type="stmt"/>
        <line num="6" count="0" type="stmt"/>
        <line num="8" count="2" type="stmt"/>
        <line num="23" count="1" type="stmt"/>
      </file>
    </package>
    <package name="src.bases-pruebas">
      <metrics statements="40" coveredstatements="33" conditionals="2" coveredconditionals="0" methods="15" coveredmethods="14"/>
      <file name="02-template-string.js" path="C:\Users\clml1\Desktop\React projects\counter-app\src\bases-pruebas\02-template-string.js">
        <metrics statements="6" coveredstatements="6" conditionals="0" coveredconditionals="0" methods="1" coveredmethods="1"/>
        <line num="4" count="1" type="stmt"/>
        <line num="5" count="1" type="stmt"/>
        <line num="9" count="1" type="stmt"/>
        <line num="11" count="1" type="stmt"/>
        <line num="15" count="2" type="stmt"/>
        <line num="18" count="1" type="stmt"/>
      </file>
      <file name="05-funciones.js" path="C:\Users\clml1\Desktop\React projects\counter-app\src\bases-pruebas\05-funciones.js">
        <metrics statements="13" coveredstatements="13" conditionals="0" coveredconditionals="0" methods="5" coveredmethods="5"/>
        <line num="7" count="1" type="stmt"/>
        <line num="8" count="1" type="stmt"/>
        <line num="11" count="1" type="stmt"/>
        <line num="12" count="1" type="stmt"/>
        <line num="16" count="1" type="stmt"/>
        <line num="17" count="1" type="stmt"/>
        <line num="18" count="1" type="stmt"/>
        <line num="21" count="2" type="stmt"/>
        <line num="27" count="1" type="stmt"/>
        <line num="28" count="1" type="stmt"/>
        <line num="31" count="2" type="stmt"/>
        <line num="37" count="1" type="stmt"/>
        <line num="38" count="1" type="stmt"/>
      </file>
      <file name="07-deses-arr.js" path="C:\Users\clml1\Desktop\React projects\counter-app\src\bases-pruebas\07-deses-arr.js">
        <metrics statements="2" coveredstatements="2" conditionals="0" coveredconditionals="0" methods="1" coveredmethods="1"/>
        <line num="8" count="1" type="stmt"/>
        <line num="9" count="1" type="stmt"/>
      </file>
      <file name="08-imp-exp.js" path="C:\Users\clml1\Desktop\React projects\counter-app\src\bases-pruebas\08-imp-exp.js">
        <metrics statements="2" coveredstatements="2" conditionals="0" coveredconditionals="0" methods="4" coveredmethods="4"/>
        <line num="11" count="2" type="stmt"/>
        <line num="18" count="10" type="stmt"/>
      </file>
      <file name="09-promesas.js" path="C:\Users\clml1\Desktop\React projects\counter-app\src\bases-pruebas\09-promesas.js">
        <metrics statements="7" coveredstatements="3" conditionals="2" coveredconditionals="0" methods="3" coveredmethods="2"/>
        <line num="3" count="1" type="stmt"/>
        <line num="5" count="1" type="stmt"/>
        <line num="7" count="1" type="stmt"/>
        <line num="9" count="0" type="stmt"/>
        <line num="10" count="0" type="cond" truecount="0" falsecount="2"/>
        <line num="11" count="0" type="stmt"/>
        <line num="13" count="0" type="stmt"/>
      </file>
      <file name="11-async-await.js" path="C:\Users\clml1\Desktop\React projects\counter-app\src\bases-pruebas\11-async-await.js">
        <metrics statements="10" coveredstatements="7" conditionals="0" coveredconditionals="0" methods="1" coveredmethods="1"/>
        <line num="3" count="1" type="stmt"/>
        <line num="5" count="2" type="stmt"/>
        <line num="7" count="2" type="stmt"/>
        <line num="8" count="2" type="stmt"/>
        <line num="9" count="0" type="stmt"/>
        <line num="11" count="0" type="stmt"/>
        <line num="13" count="0" type="stmt"/>
        <line num="16" count="2" type="stmt"/>
        <line num="17" count="2" type="stmt"/>
        <line num="24" count="1" type="stmt"/>
      </file>
    </package>
    <package name="src.data">
      <metrics statements="1" coveredstatements="1" conditionals="0" coveredconditionals="0" methods="0" coveredmethods="0"/>
      <file name="heroes.js" path="C:\Users\clml1\Desktop\React projects\counter-app\src\data\heroes.js">
        <metrics statements="1" coveredstatements="1" conditionals="0" coveredconditionals="0" methods="0" coveredmethods="0"/>
        <line num="2" count="2" type="stmt"/>
      </file>
    </package>
  </project>
</coverage>
