{"C:\\Users\\clml1\\Desktop\\React projects\\counter-app\\src\\CounterApp.jsx": {"path":"C:\\Users\\clml1\\Desktop\\React projects\\counter-app\\src\\CounterApp.jsx","statementMap":{"0":{"start":{"line":4,"column":24},"end":{"line":48,"column":1}},"1":{"start":{"line":5,"column":0},"end":{"line":5,"column":26}},"2":{"start":{"line":6,"column":32},"end":{"line":6,"column":47}},"3":{"start":{"line":8,"column":21},"end":{"line":13,"column":5}},"4":{"start":{"line":10,"column":8},"end":{"line":12,"column":22}},"5":{"start":{"line":12,"column":15},"end":{"line":12,"column":20}},"6":{"start":{"line":15,"column":27},"end":{"line":21,"column":5}},"7":{"start":{"line":17,"column":8},"end":{"line":20,"column":10}},"8":{"start":{"line":19,"column":19},"end":{"line":19,"column":29}},"9":{"start":{"line":23,"column":23},"end":{"line":29,"column":5}},"10":{"start":{"line":25,"column":8},"end":{"line":28,"column":10}},"11":{"start":{"line":27,"column":19},"end":{"line":27,"column":24}},"12":{"start":{"line":34,"column":4},"end":{"line":47,"column":9}},"13":{"start":{"line":50,"column":0},"end":{"line":53,"column":1}}},"fnMap":{"0":{"name":"(anonymous_0)","decl":{"start":{"line":4,"column":24},"end":{"line":4,"column":25}},"loc":{"start":{"line":4,"column":37},"end":{"line":48,"column":1}},"line":4},"1":{"name":"(anonymous_1)","decl":{"start":{"line":8,"column":21},"end":{"line":8,"column":22}},"loc":{"start":{"line":8,"column":27},"end":{"line":13,"column":5}},"line":8},"2":{"name":"(anonymous_2)","decl":{"start":{"line":12,"column":8},"end":{"line":12,"column":9}},"loc":{"start":{"line":12,"column":15},"end":{"line":12,"column":20}},"line":12},"3":{"name":"(anonymous_3)","decl":{"start":{"line":15,"column":27},"end":{"line":15,"column":28}},"loc":{"start":{"line":15,"column":33},"end":{"line":21,"column":5}},"line":15},"4":{"name":"(anonymous_4)","decl":{"start":{"line":19,"column":12},"end":{"line":19,"column":13}},"loc":{"start":{"line":19,"column":19},"end":{"line":19,"column":29}},"line":19},"5":{"name":"(anonymous_5)","decl":{"start":{"line":23,"column":23},"end":{"line":23,"column":24}},"loc":{"start":{"line":23,"column":29},"end":{"line":29,"column":5}},"line":23},"6":{"name":"(anonymous_6)","decl":{"start":{"line":27,"column":12},"end":{"line":27,"column":13}},"loc":{"start":{"line":27,"column":19},"end":{"line":27,"column":24}},"line":27}},"branchMap":{},"s":{"0":1,"1":2,"2":2,"3":2,"4":0,"5":0,"6":2,"7":0,"8":0,"9":2,"10":0,"11":0,"12":2,"13":1},"f":{"0":2,"1":0,"2":0,"3":0,"4":0,"5":0,"6":0},"b":{},"_coverageSchema":"1a1c01bbd47fc00a2c39e90264f33305004495a9","hash":"b73ef820a3a44c252bea77af68bfd789744afa1c"}
,"C:\\Users\\clml1\\Desktop\\React projects\\counter-app\\src\\Helloworld.jsx": {"path":"C:\\Users\\clml1\\Desktop\\React projects\\counter-app\\src\\Helloworld.jsx","statementMap":{"0":{"start":{"line":4,"column":20},"end":{"line":20,"column":1}},"1":{"start":{"line":5,"column":20},"end":{"line":7,"column":1}},"2":{"start":{"line":6,"column":0},"end":{"line":6,"column":26}},"3":{"start":{"line":8,"column":0},"end":{"line":16,"column":1}},"4":{"start":{"line":23,"column":0},"end":{"line":32,"column":1}}},"fnMap":{"0":{"name":"(anonymous_0)","decl":{"start":{"line":4,"column":20},"end":{"line":4,"column":21}},"loc":{"start":{"line":4,"column":52},"end":{"line":20,"column":1}},"line":4},"1":{"name":"(anonymous_1)","decl":{"start":{"line":5,"column":20},"end":{"line":5,"column":21}},"loc":{"start":{"line":5,"column":25},"end":{"line":7,"column":1}},"line":5}},"branchMap":{},"s":{"0":1,"1":2,"2":0,"3":2,"4":1},"f":{"0":2,"1":0},"b":{},"_coverageSchema":"1a1c01bbd47fc00a2c39e90264f33305004495a9","hash":"b70ea69c4f547686cdce50c3228163160d7cbd4c"}
,"C:\\Users\\clml1\\Desktop\\React projects\\counter-app\\src\\bases-pruebas\\02-template-string.js": {"path":"C:\\Users\\clml1\\Desktop\\React projects\\counter-app\\src\\bases-pruebas\\02-template-string.js","statementMap":{"0":{"start":{"line":4,"column":17},"end":{"line":4,"column":27}},"1":{"start":{"line":5,"column":17},"end":{"line":5,"column":26}},"2":{"start":{"line":9,"column":23},"end":{"line":9,"column":50}},"3":{"start":{"line":11,"column":0},"end":{"line":11,"column":30}},"4":{"start":{"line":15,"column":4},"end":{"line":15,"column":28}},"5":{"start":{"line":18,"column":0},"end":{"line":18,"column":62}}},"fnMap":{"0":{"name":"getSaludo","decl":{"start":{"line":14,"column":16},"end":{"line":14,"column":25}},"loc":{"start":{"line":14,"column":34},"end":{"line":16,"column":1}},"line":14}},"branchMap":{},"s":{"0":1,"1":1,"2":1,"3":1,"4":2,"5":1},"f":{"0":2},"b":{},"_coverageSchema":"1a1c01bbd47fc00a2c39e90264f33305004495a9","hash":"3071503cb8cfb66de35548ac188adccf333b82a6"}
,"C:\\Users\\clml1\\Desktop\\React projects\\counter-app\\src\\bases-pruebas\\05-funciones.js": {"path":"C:\\Users\\clml1\\Desktop\\React projects\\counter-app\\src\\bases-pruebas\\05-funciones.js","statementMap":{"0":{"start":{"line":7,"column":17},"end":{"line":9,"column":1}},"1":{"start":{"line":8,"column":4},"end":{"line":8,"column":31}},"2":{"start":{"line":11,"column":17},"end":{"line":11,"column":50}},"3":{"start":{"line":11,"column":31},"end":{"line":11,"column":50}},"4":{"start":{"line":12,"column":17},"end":{"line":12,"column":35}},"5":{"start":{"line":12,"column":23},"end":{"line":12,"column":35}},"6":{"start":{"line":16,"column":0},"end":{"line":16,"column":34}},"7":{"start":{"line":17,"column":0},"end":{"line":17,"column":32}},"8":{"start":{"line":18,"column":0},"end":{"line":18,"column":26}},"9":{"start":{"line":21,"column":23},"end":{"line":24,"column":2}},"10":{"start":{"line":21,"column":30},"end":{"line":24,"column":1}},"11":{"start":{"line":27,"column":13},"end":{"line":27,"column":22}},"12":{"start":{"line":28,"column":0},"end":{"line":28,"column":18}},"13":{"start":{"line":31,"column":32},"end":{"line":35,"column":2}},"14":{"start":{"line":31,"column":46},"end":{"line":35,"column":1}},"15":{"start":{"line":37,"column":23},"end":{"line":37,"column":41}},"16":{"start":{"line":38,"column":0},"end":{"line":38,"column":29}}},"fnMap":{"0":{"name":"(anonymous_0)","decl":{"start":{"line":7,"column":17},"end":{"line":7,"column":18}},"loc":{"start":{"line":7,"column":31},"end":{"line":9,"column":1}},"line":7},"1":{"name":"(anonymous_1)","decl":{"start":{"line":11,"column":17},"end":{"line":11,"column":18}},"loc":{"start":{"line":11,"column":31},"end":{"line":11,"column":50}},"line":11},"2":{"name":"(anonymous_2)","decl":{"start":{"line":12,"column":17},"end":{"line":12,"column":18}},"loc":{"start":{"line":12,"column":23},"end":{"line":12,"column":35}},"line":12},"3":{"name":"(anonymous_3)","decl":{"start":{"line":21,"column":23},"end":{"line":21,"column":24}},"loc":{"start":{"line":21,"column":30},"end":{"line":24,"column":1}},"line":21},"4":{"name":"(anonymous_4)","decl":{"start":{"line":31,"column":32},"end":{"line":31,"column":33}},"loc":{"start":{"line":31,"column":46},"end":{"line":35,"column":1}},"line":31}},"branchMap":{},"s":{"0":1,"1":1,"2":1,"3":1,"4":1,"5":1,"6":1,"7":1,"8":1,"9":1,"10":2,"11":1,"12":1,"13":1,"14":2,"15":1,"16":1},"f":{"0":1,"1":1,"2":1,"3":2,"4":2},"b":{},"_coverageSchema":"1a1c01bbd47fc00a2c39e90264f33305004495a9","hash":"b6d9526dc9889a59868ab65d27776c9db09fc714"}
,"C:\\Users\\clml1\\Desktop\\React projects\\counter-app\\src\\bases-pruebas\\07-deses-arr.js": {"path":"C:\\Users\\clml1\\Desktop\\React projects\\counter-app\\src\\bases-pruebas\\07-deses-arr.js","statementMap":{"0":{"start":{"line":8,"column":30},"end":{"line":10,"column":1}},"1":{"start":{"line":9,"column":4},"end":{"line":9,"column":24}}},"fnMap":{"0":{"name":"(anonymous_0)","decl":{"start":{"line":8,"column":30},"end":{"line":8,"column":31}},"loc":{"start":{"line":8,"column":35},"end":{"line":10,"column":1}},"line":8}},"branchMap":{},"s":{"0":1,"1":1},"f":{"0":1},"b":{},"_coverageSchema":"1a1c01bbd47fc00a2c39e90264f33305004495a9","hash":"ff4ade7b2609b8cb8126c31189a91d05c324108b"}
,"C:\\Users\\clml1\\Desktop\\React projects\\counter-app\\src\\bases-pruebas\\08-imp-exp.js": {"path":"C:\\Users\\clml1\\Desktop\\React projects\\counter-app\\src\\bases-pruebas\\08-imp-exp.js","statementMap":{"0":{"start":{"line":11,"column":28},"end":{"line":11,"column":77}},"1":{"start":{"line":11,"column":36},"end":{"line":11,"column":77}},"2":{"start":{"line":11,"column":60},"end":{"line":11,"column":75}},"3":{"start":{"line":18,"column":32},"end":{"line":18,"column":94}},"4":{"start":{"line":18,"column":45},"end":{"line":18,"column":94}},"5":{"start":{"line":18,"column":71},"end":{"line":18,"column":92}}},"fnMap":{"0":{"name":"(anonymous_0)","decl":{"start":{"line":11,"column":28},"end":{"line":11,"column":29}},"loc":{"start":{"line":11,"column":36},"end":{"line":11,"column":77}},"line":11},"1":{"name":"(anonymous_1)","decl":{"start":{"line":11,"column":49},"end":{"line":11,"column":50}},"loc":{"start":{"line":11,"column":60},"end":{"line":11,"column":75}},"line":11},"2":{"name":"(anonymous_2)","decl":{"start":{"line":18,"column":32},"end":{"line":18,"column":33}},"loc":{"start":{"line":18,"column":45},"end":{"line":18,"column":94}},"line":18},"3":{"name":"(anonymous_3)","decl":{"start":{"line":18,"column":60},"end":{"line":18,"column":61}},"loc":{"start":{"line":18,"column":71},"end":{"line":18,"column":92}},"line":18}},"branchMap":{},"s":{"0":2,"1":1,"2":1,"3":2,"4":2,"5":10},"f":{"0":1,"1":1,"2":2,"3":10},"b":{},"_coverageSchema":"1a1c01bbd47fc00a2c39e90264f33305004495a9","hash":"565729f6a3b26a753b3149702ac0bcbba29a293e"}
,"C:\\Users\\clml1\\Desktop\\React projects\\counter-app\\src\\bases-pruebas\\09-promesas.js": {"path":"C:\\Users\\clml1\\Desktop\\React projects\\counter-app\\src\\bases-pruebas\\09-promesas.js","statementMap":{"0":{"start":{"line":3,"column":33},"end":{"line":18,"column":1}},"1":{"start":{"line":5,"column":4},"end":{"line":17,"column":6}},"2":{"start":{"line":7,"column":8},"end":{"line":15,"column":17}},"3":{"start":{"line":9,"column":23},"end":{"line":9,"column":41}},"4":{"start":{"line":10,"column":12},"end":{"line":14,"column":13}},"5":{"start":{"line":11,"column":16},"end":{"line":11,"column":30}},"6":{"start":{"line":13,"column":16},"end":{"line":13,"column":58}}},"fnMap":{"0":{"name":"(anonymous_0)","decl":{"start":{"line":3,"column":33},"end":{"line":3,"column":34}},"loc":{"start":{"line":3,"column":43},"end":{"line":18,"column":1}},"line":3},"1":{"name":"(anonymous_1)","decl":{"start":{"line":5,"column":24},"end":{"line":5,"column":25}},"loc":{"start":{"line":5,"column":45},"end":{"line":17,"column":5}},"line":5},"2":{"name":"(anonymous_2)","decl":{"start":{"line":7,"column":20},"end":{"line":7,"column":21}},"loc":{"start":{"line":7,"column":27},"end":{"line":15,"column":9}},"line":7}},"branchMap":{"0":{"loc":{"start":{"line":10,"column":12},"end":{"line":14,"column":13}},"type":"if","locations":[{"start":{"line":10,"column":12},"end":{"line":14,"column":13}},{"start":{"line":12,"column":19},"end":{"line":14,"column":13}}],"line":10}},"s":{"0":1,"1":1,"2":1,"3":0,"4":0,"5":0,"6":0},"f":{"0":1,"1":1,"2":0},"b":{"0":[0,0]},"_coverageSchema":"1a1c01bbd47fc00a2c39e90264f33305004495a9","hash":"88f11fd527311a8dd536539df7d29c4186499cfd"}
,"C:\\Users\\clml1\\Desktop\\React projects\\counter-app\\src\\bases-pruebas\\11-async-await.js": {"path":"C:\\Users\\clml1\\Desktop\\React projects\\counter-app\\src\\bases-pruebas\\11-async-await.js","statementMap":{"0":{"start":{"line":3,"column":25},"end":{"line":22,"column":1}},"1":{"start":{"line":5,"column":4},"end":{"line":18,"column":5}},"2":{"start":{"line":7,"column":23},"end":{"line":7,"column":57}},"3":{"start":{"line":8,"column":23},"end":{"line":8,"column":93}},"4":{"start":{"line":9,"column":25},"end":{"line":9,"column":42}},"5":{"start":{"line":11,"column":24},"end":{"line":11,"column":44}},"6":{"start":{"line":13,"column":8},"end":{"line":13,"column":19}},"7":{"start":{"line":16,"column":8},"end":{"line":16,"column":28}},"8":{"start":{"line":17,"column":8},"end":{"line":17,"column":42}},"9":{"start":{"line":24,"column":1},"end":{"line":24,"column":13}}},"fnMap":{"0":{"name":"(anonymous_0)","decl":{"start":{"line":3,"column":25},"end":{"line":3,"column":26}},"loc":{"start":{"line":3,"column":36},"end":{"line":22,"column":1}},"line":3}},"branchMap":{},"s":{"0":1,"1":2,"2":2,"3":2,"4":0,"5":0,"6":0,"7":2,"8":2,"9":1},"f":{"0":2},"b":{},"_coverageSchema":"1a1c01bbd47fc00a2c39e90264f33305004495a9","hash":"85c59b8a48d73d6e76bdcb7cee52a6cafbbaca3e"}
,"C:\\Users\\clml1\\Desktop\\React projects\\counter-app\\src\\data\\heroes.js": {"path":"C:\\Users\\clml1\\Desktop\\React projects\\counter-app\\src\\data\\heroes.js","statementMap":{"0":{"start":{"line":2,"column":15},"end":{"line":28,"column":1}}},"fnMap":{},"branchMap":{},"s":{"0":2},"f":{},"b":{},"_coverageSchema":"1a1c01bbd47fc00a2c39e90264f33305004495a9","hash":"3e4065acfe11b79f44c4d548158b1f08fa135993"}
}
