TN:
SF:src\bases-pruebas\02-template-string.js
FN:14,getSaludo
FNF:1
FNH:1
FNDA:1,getSaludo
DA:4,1
DA:5,1
DA:9,1
DA:11,1
DA:15,1
DA:18,1
LF:6
LH:6
BRF:0
BRH:0
end_of_record
TN:
SF:src\bases-pruebas\05-funciones.js
FN:7,(anonymous_0)
FN:11,(anonymous_1)
FN:12,(anonymous_2)
FN:21,(anonymous_3)
FN:31,(anonymous_4)
FNF:5
FNH:5
FNDA:1,(anonymous_0)
FNDA:1,(anonymous_1)
FNDA:1,(anonymous_2)
FNDA:1,(anonymous_3)
FNDA:1,(anonymous_4)
DA:7,1
DA:8,1
DA:11,1
DA:12,1
DA:16,1
DA:17,1
DA:18,1
DA:21,1
DA:27,1
DA:28,1
DA:31,1
DA:37,1
DA:38,1
LF:13
LH:13
BRF:0
BRH:0
end_of_record
TN:
SF:src\bases-pruebas\07-deses-arr.js
FN:8,(anonymous_0)
FNF:1
FNH:0
FNDA:0,(anonymous_0)
DA:8,1
DA:9,0
LF:2
LH:1
BRF:0
BRH:0
end_of_record
TN:
SF:src\bases-pruebas\08-imp-exp.js
FN:11,(anonymous_0)
FN:11,(anonymous_1)
FN:18,(anonymous_2)
FN:18,(anonymous_3)
FNF:4
FNH:0
FNDA:0,(anonymous_0)
FNDA:0,(anonymous_1)
FNDA:0,(anonymous_2)
FNDA:0,(anonymous_3)
DA:11,2
DA:18,2
LF:2
LH:2
BRF:0
BRH:0
end_of_record
TN:
SF:src\bases-pruebas\09-promesas.js
FN:3,(anonymous_0)
FN:5,(anonymous_1)
FN:7,(anonymous_2)
FNF:3
FNH:2
FNDA:1,(anonymous_0)
FNDA:1,(anonymous_1)
FNDA:0,(anonymous_2)
DA:3,1
DA:5,1
DA:7,1
DA:9,0
DA:10,0
DA:11,0
DA:13,0
LF:7
LH:3
BRDA:10,0,0,0
BRDA:10,0,1,0
BRF:2
BRH:0
end_of_record
TN:
SF:src\bases-pruebas\11-async-await.js
FN:3,(anonymous_0)
FNF:1
FNH:1
FNDA:1,(anonymous_0)
DA:3,1
DA:5,1
DA:7,1
DA:8,1
DA:9,0
DA:11,0
DA:13,0
DA:16,0
DA:17,0
DA:24,1
LF:10
LH:5
BRF:0
BRH:0
end_of_record
TN:
SF:src\data\heroes.js
FNF:0
FNH:0
DA:2,2
LF:1
LH:1
BRF:0
BRH:0
end_of_record
